<?xml version="1.0" encoding="UTF-8"?>
<coverage generated="1578160397">
  <project timestamp="1578160397">
    <package name="TinyPixel\Config">
      <file name="/Users/kellymears/code/packages/config/src/Bootloader.php">
        <class name="TinyPixel\Config\Bootloader" namespace="TinyPixel\Config" fullPackage="TinyPixel" package="TinyPixel">
          <metrics complexity="23" methods="19" coveredmethods="9" conditionals="0" coveredconditionals="0" statements="54" coveredstatements="23" elements="73" coveredelements="32"/>
        </class>
        <line num="32" type="method" name="__construct" visibility="public" complexity="1" crap="1" count="1"/>
        <line num="34" type="stmt" count="1"/>
        <line num="35" type="stmt" count="1"/>
        <line num="43" type="method" name="init" visibility="public" complexity="1" crap="1" count="1"/>
        <line num="45" type="stmt" count="1"/>
        <line num="46" type="stmt" count="1"/>
        <line num="54" type="method" name="loadEnv" visibility="public" complexity="1" crap="1" count="1"/>
        <line num="56" type="stmt" count="1"/>
        <line num="57" type="stmt" count="1"/>
        <line num="58" type="stmt" count="1"/>
        <line num="59" type="stmt" count="1"/>
        <line num="66" type="method" name="get" visibility="public" complexity="1" crap="1" count="2"/>
        <line num="68" type="stmt" count="2"/>
        <line num="78" type="method" name="define" visibility="public" complexity="1" crap="1" count="2"/>
        <line num="80" type="stmt" count="2"/>
        <line num="81" type="stmt" count="2"/>
        <line num="90" type="method" name="defineSet" visibility="public" complexity="2" crap="2" count="1"/>
        <line num="92" type="stmt" count="1"/>
        <line num="93" type="stmt" count="1"/>
        <line num="95" type="stmt" count="1"/>
        <line num="103" type="method" name="defineFS" visibility="public" complexity="1" crap="1" count="1"/>
        <line num="105" type="stmt" count="1"/>
        <line num="106" type="stmt" count="1"/>
        <line num="107" type="stmt" count="1"/>
        <line num="108" type="stmt" count="1"/>
        <line num="110" type="stmt" count="1"/>
        <line num="118" type="method" name="defineDB" visibility="public" complexity="1" crap="1" count="1"/>
        <line num="120" type="stmt" count="1"/>
        <line num="121" type="stmt" count="1"/>
        <line num="129" type="method" name="defineS3" visibility="public" complexity="1" crap="2" count="0"/>
        <line num="131" type="stmt" count="0"/>
        <line num="132" type="stmt" count="0"/>
        <line num="140" type="method" name="defineEnvironments" visibility="public" complexity="1" crap="1" count="1"/>
        <line num="142" type="stmt" count="1"/>
        <line num="143" type="stmt" count="1"/>
        <line num="151" type="method" name="configureWordPressApp" visibility="public" complexity="1" crap="2" count="0"/>
        <line num="153" type="stmt" count="0"/>
        <line num="155" type="stmt" count="0"/>
        <line num="156" type="stmt" count="0"/>
        <line num="164" type="method" name="defineRedis" visibility="public" complexity="1" crap="2" count="0"/>
        <line num="166" type="stmt" count="0"/>
        <line num="169" type="stmt" count="0"/>
        <line num="170" type="stmt" count="0"/>
        <line num="171" type="stmt" count="0"/>
        <line num="173" type="stmt" count="0"/>
        <line num="174" type="stmt" count="0"/>
        <line num="177" type="stmt" count="0"/>
        <line num="185" type="method" name="configureRedis" visibility="public" complexity="1" crap="2" count="0"/>
        <line num="187" type="stmt" count="0"/>
        <line num="188" type="stmt" count="0"/>
        <line num="196" type="method" name="defineSalts" visibility="public" complexity="1" crap="2" count="0"/>
        <line num="198" type="stmt" count="0"/>
        <line num="199" type="stmt" count="0"/>
        <line num="207" type="method" name="exposeSSL" visibility="public" complexity="2" crap="6" count="0"/>
        <line num="209" type="stmt" count="0"/>
        <line num="210" type="stmt" count="0"/>
        <line num="212" type="stmt" count="0"/>
        <line num="220" type="method" name="overrideEnv" visibility="public" complexity="1" crap="2" count="0"/>
        <line num="222" type="stmt" count="0"/>
        <line num="223" type="stmt" count="0"/>
        <line num="230" type="method" name="development" visibility="public" complexity="1" crap="2" count="0"/>
        <line num="232" type="stmt" count="0"/>
        <line num="233" type="stmt" count="0"/>
        <line num="240" type="stmt" count="0"/>
        <line num="241" type="stmt" count="0"/>
        <line num="248" type="method" name="boot" visibility="public" complexity="2" crap="6" count="0"/>
        <line num="250" type="stmt" count="0"/>
        <line num="252" type="stmt" count="0"/>
        <line num="253" type="stmt" count="0"/>
        <line num="255" type="stmt" count="0"/>
        <line num="257" type="method" name="isSSL" visibility="public" complexity="2" crap="6" count="0"/>
        <line num="259" type="stmt" count="0"/>
        <line num="260" type="stmt" count="0"/>
        <metrics loc="262" ncloc="143" classes="1" methods="19" coveredmethods="9" conditionals="0" coveredconditionals="0" statements="54" coveredstatements="23" elements="73" coveredelements="32"/>
      </file>
    </package>
    <metrics files="1" loc="262" ncloc="143" classes="1" methods="19" coveredmethods="9" conditionals="0" coveredconditionals="0" statements="54" coveredstatements="23" elements="73" coveredelements="32"/>
  </project>
</coverage>
